<?xml version="1.0" encoding="utf-8"?>
<shfbBuild product="Sandcastle Help File Builder" version="2014.5.31.0" projectFile="D:\Working\APIDOC\Vlc.DotNet.shfbproj" started="10/21/2014 5:17:30 PM">
<buildStep step="Initializing">
Finding tools...
The Sandcastle tools are located in &#39;C:\Program Files (x86)\EWSoftware\Sandcastle Help File Builder\&#39;
Locating components in the following folder(s):
   D:\Working\APIDOC
Using presentation style &#39;VS2013&#39; located in &#39;C:\Program Files (x86)\EWSoftware\Sandcastle Help File Builder\PresentationStyles\VS2013&#39;
Loading and initializing plug-ins...
Lightweight Website Style Version 2014.5.31.0
Copyright &#169; 2006-2014, Eric Woodruff, All Rights Reserved
Portions Copyright &#169; 2014, Sam Harwell, All Rights Reserved
</buildStep>
<buildStep step="ClearWorkFolder">
Clearing working folder...
</buildStep>
<buildStep step="ValidatingDocumentationSources">
Validating and copying documentation source information
Source: D:\Working\Vlc.DotNet\Vlc.DotNet.Core\bin\Debug\Vlc.DotNet.Core.dll
    Found assembly &#39;D:\Working\Vlc.DotNet\Vlc.DotNet.Core\bin\Debug\Vlc.DotNet.Core.dll&#39;
Source: D:\Working\Vlc.DotNet\Vlc.DotNet.Core\bin\Debug\Vlc.DotNet.Core.XML
Source: D:\Working\Vlc.DotNet\Vlc.DotNet.Forms\bin\Debug\Vlc.DotNet.Forms.dll
    Found assembly &#39;D:\Working\Vlc.DotNet\Vlc.DotNet.Forms\bin\Debug\Vlc.DotNet.Forms.dll&#39;
Source: D:\Working\Vlc.DotNet\Vlc.DotNet.Forms\bin\Debug\Vlc.DotNet.Forms.XML

References to include (excluding framework assemblies):
    Vlc.DotNet.Core.Interops

Copying XML comments files
    D:\Working\Vlc.DotNet\Vlc.DotNet.Core\bin\Debug\Vlc.DotNet.Core.XML -&gt; D:\Working\APIDOC\Help\Working\Vlc.DotNet.Core.XML
    D:\Working\Vlc.DotNet\Vlc.DotNet.Forms\bin\Debug\Vlc.DotNet.Forms.XML -&gt; D:\Working\APIDOC\Help\Working\Vlc.DotNet.Forms.XML
</buildStep>
<buildStep step="GenerateSharedContent">
Generating shared content files (en-US, English (United States))...
<plugIn name="Lightweight Website Style" behavior="After" priority="1000">
</plugIn>    Last step completed in 00:00:00.0020
</buildStep>
<buildStep step="GenerateApiFilter">
Generating API filter for MRefBuilder...
    Last step completed in 00:00:00.0010
</buildStep>
<buildStep step="GenerateReflectionInfo">
Generating reflection information...
[C:\Windows\Microsoft.NET\Framework64\v4.0.30319\MSBuild.exe]
Build started 10/21/2014 5:17:31 PM.
Project &quot;D:\Working\APIDOC\Help\Working\GenerateRefInfo.proj&quot; on node 1 (default targets).
PrepareForBuild:
  Creating directory &quot;obj\Debug\&quot;.
GenerateRefInfo:
  MRefBuilder (v2014.5.31.0)
  Copyright c 2006-2014, Microsoft Corporation, All Rights Reserved.
  Portions Copyright c 2006-2014, Eric Woodruff, All Rights Reserved.
  Loaded 2 assemblies for reflection and 2 dependency assemblies.
  Wrote information on 3 namespaces, 26 types, and 186 members
  Copying file from &quot;reflection.org&quot; to &quot;reflection.all&quot;.
  XslTransform (v2014.5.31.0)
  Copyright c 2006-2014, Microsoft Corporation, All Rights Reserved.
  Portions Copyright c 2006-2014, Eric Woodruff, All Rights Reserved.
  Applying XSL transformation &#39;C:\Program Files (x86)\EWSoftware\Sandcastle Help File Builder\ProductionTransforms\MergeDuplicates.xsl&#39;.
Done Building Project &quot;D:\Working\APIDOC\Help\Working\GenerateRefInfo.proj&quot; (default targets).

Build succeeded.

Time Elapsed 00:00:02.06
    Last step completed in 00:00:02.4811
</buildStep>
<buildStep step="TransformReflectionInfo">
Transforming reflection output...
[C:\Windows\Microsoft.NET\Framework64\v4.0.30319\MSBuild.exe]
Build started 10/21/2014 5:17:33 PM.
Project &quot;D:\Working\APIDOC\Help\Working\TransformManifest.proj&quot; on node 1 (default targets).
TransformManifest:
  XslTransform (v2014.5.31.0)
  Copyright c 2006-2014, Microsoft Corporation, All Rights Reserved.
  Portions Copyright c 2006-2014, Eric Woodruff, All Rights Reserved.
  Applying XSL transformation &#39;C:\Program Files (x86)\EWSoftware\Sandcastle Help File Builder\\ProductionTransforms\ApplyVSDocModel.xsl&#39;.
  Copying file from &quot;reflection.xml&quot; to &quot;reflection.nofilenames&quot;.
  XslTransform (v2014.5.31.0)
  Copyright c 2006-2014, Microsoft Corporation, All Rights Reserved.
  Portions Copyright c 2006-2014, Eric Woodruff, All Rights Reserved.
  Applying XSL transformation &#39;C:\Program Files (x86)\EWSoftware\Sandcastle Help File Builder\ProductionTransforms\AddFilenames.xsl&#39;.
  XslTransform (v2014.5.31.0)
  Copyright c 2006-2014, Microsoft Corporation, All Rights Reserved.
  Portions Copyright c 2006-2014, Eric Woodruff, All Rights Reserved.
  Applying XSL transformation &#39;C:\Program Files (x86)\EWSoftware\Sandcastle Help File Builder\ProductionTransforms\ReflectionToManifest.xsl&#39;.
Done Building Project &quot;D:\Working\APIDOC\Help\Working\TransformManifest.proj&quot; (default targets).

Build succeeded.

Time Elapsed 00:00:01.57
    Last step completed in 00:00:01.9901
</buildStep>
<buildStep step="GenerateNamespaceSummaries">
Generating namespace summary information...
    Last step completed in 00:00:00.0220
</buildStep>
<buildStep step="CopyAdditionalContent">
Copying additional content files...
No additional content to copy
    Last step completed in 00:00:00.0030
</buildStep>
<buildStep step="MergeTablesOfContents">
Merging conceptual and additional tables of contents...
    Last step completed in 00:00:00.0020
</buildStep>
<buildStep step="GenerateIntermediateTableOfContents">
Generating intermediate table of contents file...
[C:\Windows\Microsoft.NET\Framework64\v4.0.30319\MSBuild.exe]
Build started 10/21/2014 5:17:35 PM.
Project &quot;D:\Working\APIDOC\Help\Working\GenerateIntermediateTOC.proj&quot; on node 1 (default targets).
GenerateIntermediateTOC:
  XslTransform (v2014.5.31.0)
  Copyright c 2006-2014, Microsoft Corporation, All Rights Reserved.
  Portions Copyright c 2006-2014, Eric Woodruff, All Rights Reserved.
  Applying XSL transformation &#39;C:\Program Files (x86)\EWSoftware\Sandcastle Help File Builder\\ProductionTransforms\CreateVSToc.xsl&#39;.
Done Building Project &quot;D:\Working\APIDOC\Help\Working\GenerateIntermediateTOC.proj&quot; (default targets).

Build succeeded.

Time Elapsed 00:00:00.97
Generating conceptual content intermediate TOC file...
    Last step completed in 00:00:01.3711
</buildStep>
<buildStep step="CreateBuildAssemblerConfigs">
Creating Sandcastle configuration files...
    sandcastle.config
    Last step completed in 00:00:00.2850
</buildStep>
<buildStep step="MergeCustomConfigs">
Merging custom build component configurations
D:\Working\APIDOC\Help\Working\sandcastle.config
    Last step completed in 00:00:00.0560
</buildStep>
<buildStep step="BuildReferenceTopics">
Building reference help topics...
[C:\Windows\Microsoft.NET\Framework64\v4.0.30319\MSBuild.exe]
Build started 10/21/2014 5:17:37 PM.
Project &quot;D:\Working\APIDOC\Help\Working\BuildReferenceTopics.proj&quot; on node 1 (default targets).
BuildReferenceTopics:
  BuildAssembler (v2014.5.31.0)
  Copyright c 2006-2014, Microsoft Corporation, All Rights Reserved.
  Portions Copyright c 2006-2014, Eric Woodruff, All Rights Reserved.
  Loading configuration...
  ResolveReferenceLinksComponent: The MSDN content ID cache &#39;C:\Users\Rex\AppData\Local\EWSoftware\Sandcastle Help File Builder\Cache\MsdnContentId.cache&#39; does not exist yet.  All IDs will be looked up in this build which will slow it down.
  Processing topics...
BuildAssembler : warning : ShowMissingComponent: [N:Vlc.DotNet.Core] Missing &lt;summary&gt; documentation [D:\Working\APIDOC\Help\Working\BuildReferenceTopics.proj]
BuildAssembler : warning : ShowMissingComponent: [M:Vlc.DotNet.Core.VlcAudioOutputDevices.GetEnumerator] Missing &lt;summary&gt; documentation [D:\Working\APIDOC\Help\Working\BuildReferenceTopics.proj]
BuildAssembler : warning : ShowMissingComponent: [M:Vlc.DotNet.Core.VlcAudioOutputDevices.GetEnumerator] Missing &lt;returns&gt; documentation [D:\Working\APIDOC\Help\Working\BuildReferenceTopics.proj]
BuildAssembler : warning : ShowMissingComponent: [M:Vlc.DotNet.Core.VlcContext.Initialize] Missing &lt;returns&gt; documentation [D:\Working\APIDOC\Help\Working\BuildReferenceTopics.proj]
BuildAssembler : warning : ShowMissingComponent: [P:Vlc.DotNet.Core.VlcContext.InteropManager] Missing &lt;summary&gt; documentation [D:\Working\APIDOC\Help\Working\BuildReferenceTopics.proj]
BuildAssembler : warning : ResolveReferenceLinksComponent: [P:Vlc.DotNet.Core.VlcContext.InteropManager] Unknown reference link target &#39;T:Vlc.DotNet.Core.Interops.LibVlcInteropsManager&#39;. [D:\Working\APIDOC\Help\Working\BuildReferenceTopics.proj]
BuildAssembler : warning : ShowMissingComponent: [M:Vlc.DotNet.Core.VlcErrorHandling.ClearError] Missing &lt;summary&gt; documentation [D:\Working\APIDOC\Help\Working\BuildReferenceTopics.proj]
BuildAssembler : warning : ShowMissingComponent: [M:Vlc.DotNet.Core.VlcErrorHandling.GetErrorMessage] Missing &lt;summary&gt; documentation [D:\Working\APIDOC\Help\Working\BuildReferenceTopics.proj]
BuildAssembler : warning : ShowMissingComponent: [M:Vlc.DotNet.Core.VlcErrorHandling.GetErrorMessage] Missing &lt;returns&gt; documentation [D:\Working\APIDOC\Help\Working\BuildReferenceTopics.proj]
BuildAssembler : warning : ShowMissingComponent: [P:Vlc.DotNet.Core.VlcEventArgs`1.Data] Missing &lt;summary&gt; documentation [D:\Working\APIDOC\Help\Working\BuildReferenceTopics.proj]
BuildAssembler : warning : ShowMissingComponent: [P:Vlc.DotNet.Core.VlcLogMessage.Header] Missing &lt;summary&gt; documentation [D:\Working\APIDOC\Help\Working\BuildReferenceTopics.proj]
BuildAssembler : warning : ShowMissingComponent: [P:Vlc.DotNet.Core.VlcLogMessage.Message] Missing &lt;summary&gt; documentation [D:\Working\APIDOC\Help\Working\BuildReferenceTopics.proj]
BuildAssembler : warning : ShowMissingComponent: [P:Vlc.DotNet.Core.VlcLogMessage.Name] Missing &lt;summary&gt; documentation [D:\Working\APIDOC\Help\Working\BuildReferenceTopics.proj]
BuildAssembler : warning : ShowMissingComponent: [P:Vlc.DotNet.Core.VlcLogMessage.Type] Missing &lt;summary&gt; documentation [D:\Working\APIDOC\Help\Working\BuildReferenceTopics.proj]
BuildAssembler : warning : ShowMissingComponent: [P:Vlc.DotNet.Core.VlcLogMessage.Verbosity] Missing &lt;summary&gt; documentation [D:\Working\APIDOC\Help\Working\BuildReferenceTopics.proj]
BuildAssembler : warning : ShowMissingComponent: [T:Vlc.DotNet.Core.VlcMediaListPlayer] Missing &lt;summary&gt; documentation [D:\Working\APIDOC\Help\Working\BuildReferenceTopics.proj]
BuildAssembler : warning : ShowMissingComponent: [M:Vlc.DotNet.Core.VlcMediaListPlayer.Add(Vlc.DotNet.Core.Medias.MediaBase)] Missing &lt;summary&gt; documentation [D:\Working\APIDOC\Help\Working\BuildReferenceTopics.proj]
BuildAssembler : warning : ShowMissingComponent: [M:Vlc.DotNet.Core.VlcMediaListPlayer.Add(Vlc.DotNet.Core.Medias.MediaBase)] Missing &lt;param name=&quot;media&quot;/&gt; documentation [D:\Working\APIDOC\Help\Working\BuildReferenceTopics.proj]
BuildAssembler : warning : ShowMissingComponent: [M:Vlc.DotNet.Core.VlcMediaListPlayer.Clear] Missing &lt;summary&gt; documentation [D:\Working\APIDOC\Help\Working\BuildReferenceTopics.proj]
BuildAssembler : warning : ShowMissingComponent: [M:Vlc.DotNet.Core.VlcMediaListPlayer.Contains(Vlc.DotNet.Core.Medias.MediaBase)] Missing &lt;summary&gt; documentation [D:\Working\APIDOC\Help\Working\BuildReferenceTopics.proj]
BuildAssembler : warning : ShowMissingComponent: [M:Vlc.DotNet.Core.VlcMediaListPlayer.Contains(Vlc.DotNet.Core.Medias.MediaBase)] Missing &lt;returns&gt; documentation [D:\Working\APIDOC\Help\Working\BuildReferenceTopics.proj]
BuildAssembler : warning : ShowMissingComponent: [M:Vlc.DotNet.Core.VlcMediaListPlayer.Contains(Vlc.DotNet.Core.Medias.MediaBase)] Missing &lt;param name=&quot;media&quot;/&gt; documentation [D:\Working\APIDOC\Help\Working\BuildReferenceTopics.proj]
BuildAssembler : warning : ShowMissingComponent: [M:Vlc.DotNet.Core.VlcMediaListPlayer.CopyTo(Vlc.DotNet.Core.Medias.MediaBase[],System.Int32)] Missing &lt;summary&gt; documentation [D:\Working\APIDOC\Help\Working\BuildReferenceTopics.proj]
BuildAssembler : warning : ShowMissingComponent: [M:Vlc.DotNet.Core.VlcMediaListPlayer.CopyTo(Vlc.DotNet.Core.Medias.MediaBase[],System.Int32)] Missing &lt;param name=&quot;array&quot;/&gt; documentation [D:\Working\APIDOC\Help\Working\BuildReferenceTopics.proj]
BuildAssembler : warning : ShowMissingComponent: [M:Vlc.DotNet.Core.VlcMediaListPlayer.CopyTo(Vlc.DotNet.Core.Medias.MediaBase[],System.Int32)] Missing &lt;param name=&quot;arrayIndex&quot;/&gt; documentation [D:\Working\APIDOC\Help\Working\BuildReferenceTopics.proj]
BuildAssembler : warning : ShowMissingComponent: [P:Vlc.DotNet.Core.VlcMediaListPlayer.Count] Missing &lt;summary&gt; documentation [D:\Working\APIDOC\Help\Working\BuildReferenceTopics.proj]
BuildAssembler : warning : ShowMissingComponent: [M:Vlc.DotNet.Core.VlcMediaListPlayer.GetEnumerator] Missing &lt;summary&gt; documentation [D:\Working\APIDOC\Help\Working\BuildReferenceTopics.proj]
BuildAssembler : warning : ShowMissingComponent: [M:Vlc.DotNet.Core.VlcMediaListPlayer.GetEnumerator] Missing &lt;returns&gt; documentation [D:\Working\APIDOC\Help\Working\BuildReferenceTopics.proj]
BuildAssembler : warning : ShowMissingComponent: [M:Vlc.DotNet.Core.VlcMediaListPlayer.IndexOf(Vlc.DotNet.Core.Medias.MediaBase)] Missing &lt;summary&gt; documentation [D:\Working\APIDOC\Help\Working\BuildReferenceTopics.proj]
BuildAssembler : warning : ShowMissingComponent: [M:Vlc.DotNet.Core.VlcMediaListPlayer.IndexOf(Vlc.DotNet.Core.Medias.MediaBase)] Missing &lt;returns&gt; documentation [D:\Working\APIDOC\Help\Working\BuildReferenceTopics.proj]
BuildAssembler : warning : ShowMissingComponent: [M:Vlc.DotNet.Core.VlcMediaListPlayer.IndexOf(Vlc.DotNet.Core.Medias.MediaBase)] Missing &lt;param name=&quot;item&quot;/&gt; documentation [D:\Working\APIDOC\Help\Working\BuildReferenceTopics.proj]
BuildAssembler : warning : ShowMissingComponent: [M:Vlc.DotNet.Core.VlcMediaListPlayer.Insert(System.Int32,Vlc.DotNet.Core.Medias.MediaBase)] Missing &lt;summary&gt; documentation [D:\Working\APIDOC\Help\Working\BuildReferenceTopics.proj]
BuildAssembler : warning : ShowMissingComponent: [M:Vlc.DotNet.Core.VlcMediaListPlayer.Insert(System.Int32,Vlc.DotNet.Core.Medias.MediaBase)] Missing &lt;param name=&quot;index&quot;/&gt; documentation [D:\Working\APIDOC\Help\Working\BuildReferenceTopics.proj]
BuildAssembler : warning : ShowMissingComponent: [M:Vlc.DotNet.Core.VlcMediaListPlayer.Insert(System.Int32,Vlc.DotNet.Core.Medias.MediaBase)] Missing &lt;param name=&quot;item&quot;/&gt; documentation [D:\Working\APIDOC\Help\Working\BuildReferenceTopics.proj]
BuildAssembler : warning : ShowMissingComponent: [P:Vlc.DotNet.Core.VlcMediaListPlayer.IsReadOnly] Missing &lt;summary&gt; documentation [D:\Working\APIDOC\Help\Working\BuildReferenceTopics.proj]
BuildAssembler : warning : ShowMissingComponent: [P:Vlc.DotNet.Core.VlcMediaListPlayer.Item(System.Int32)] Missing &lt;summary&gt; documentation [D:\Working\APIDOC\Help\Working\BuildReferenceTopics.proj]
BuildAssembler : warning : ShowMissingComponent: [M:Vlc.DotNet.Core.VlcMediaListPlayer.Remove(Vlc.DotNet.Core.Medias.MediaBase)] Missing &lt;summary&gt; documentation [D:\Working\APIDOC\Help\Working\BuildReferenceTopics.proj]
BuildAssembler : warning : ShowMissingComponent: [M:Vlc.DotNet.Core.VlcMediaListPlayer.Remove(Vlc.DotNet.Core.Medias.MediaBase)] Missing &lt;returns&gt; documentation [D:\Working\APIDOC\Help\Working\BuildReferenceTopics.proj]
BuildAssembler : warning : ShowMissingComponent: [M:Vlc.DotNet.Core.VlcMediaListPlayer.Remove(Vlc.DotNet.Core.Medias.MediaBase)] Missing &lt;param name=&quot;item&quot;/&gt; documentation [D:\Working\APIDOC\Help\Working\BuildReferenceTopics.proj]
BuildAssembler : warning : ShowMissingComponent: [M:Vlc.DotNet.Core.VlcMediaListPlayer.RemoveAt(System.Int32)] Missing &lt;summary&gt; documentation [D:\Working\APIDOC\Help\Working\BuildReferenceTopics.proj]
BuildAssembler : warning : ShowMissingComponent: [M:Vlc.DotNet.Core.VlcMediaListPlayer.RemoveAt(System.Int32)] Missing &lt;param name=&quot;index&quot;/&gt; documentation [D:\Working\APIDOC\Help\Working\BuildReferenceTopics.proj]
BuildAssembler : warning : ShowMissingComponent: [P:Vlc.DotNet.Core.VlcTrackDescription.Id] Missing &lt;summary&gt; documentation [D:\Working\APIDOC\Help\Working\BuildReferenceTopics.proj]
BuildAssembler : warning : ShowMissingComponent: [P:Vlc.DotNet.Core.VlcTrackDescription.Name] Missing &lt;summary&gt; documentation [D:\Working\APIDOC\Help\Working\BuildReferenceTopics.proj]
BuildAssembler : warning : ShowMissingComponent: [P:Vlc.DotNet.Core.VlcTrackDescription.Next] Missing &lt;summary&gt; documentation [D:\Working\APIDOC\Help\Working\BuildReferenceTopics.proj]
BuildAssembler : warning : ShowMissingComponent: [N:Vlc.DotNet.Core.Medias] Missing &lt;summary&gt; documentation [D:\Working\APIDOC\Help\Working\BuildReferenceTopics.proj]
BuildAssembler : warning : ShowMissingComponent: [M:Vlc.DotNet.Core.Medias.EmptyMedia.#ctor(System.String)] Missing &lt;param name=&quot;name&quot;/&gt; documentation [D:\Working\APIDOC\Help\Working\BuildReferenceTopics.proj]
BuildAssembler : warning : ShowMissingComponent: [M:Vlc.DotNet.Core.Medias.LocationMedia.#ctor(System.String)] Missing &lt;param name=&quot;location&quot;/&gt; documentation [D:\Working\APIDOC\Help\Working\BuildReferenceTopics.proj]
BuildAssembler : warning : ResolveReferenceLinksComponent: [M:Vlc.DotNet.Core.Medias.MediaBase.AddOption(System.String,Vlc.DotNet.Core.Interops.Signatures.LibVlc.Media.Option)] Unknown reference link target &#39;T:Vlc.DotNet.Core.Interops.Signatures.LibVlc.Media.Option&#39;. [D:\Working\APIDOC\Help\Working\BuildReferenceTopics.proj]
BuildAssembler : warning : ShowMissingComponent: [E:Vlc.DotNet.Core.Medias.MediaBase.DurationChanged] Missing &lt;summary&gt; documentation [D:\Working\APIDOC\Help\Working\BuildReferenceTopics.proj]
BuildAssembler : warning : ShowMissingComponent: [E:Vlc.DotNet.Core.Medias.MediaBase.Freed] Missing &lt;summary&gt; documentation [D:\Working\APIDOC\Help\Working\BuildReferenceTopics.proj]
BuildAssembler : warning : ShowMissingComponent: [M:Vlc.DotNet.Core.Medias.MediaBase.GetNewMediaInstance] Missing &lt;summary&gt; documentation [D:\Working\APIDOC\Help\Working\BuildReferenceTopics.proj]
BuildAssembler : warning : ShowMissingComponent: [M:Vlc.DotNet.Core.Medias.MediaBase.GetNewMediaInstance] Missing &lt;returns&gt; documentation [D:\Working\APIDOC\Help\Working\BuildReferenceTopics.proj]
BuildAssembler : warning : ShowMissingComponent: [M:Vlc.DotNet.Core.Medias.MediaBase.Initialize(System.IntPtr)] Missing &lt;summary&gt; documentation [D:\Working\APIDOC\Help\Working\BuildReferenceTopics.proj]
BuildAssembler : warning : ShowMissingComponent: [M:Vlc.DotNet.Core.Medias.MediaBase.Initialize(System.IntPtr)] Missing &lt;param name=&quot;handle&quot;/&gt; documentation [D:\Working\APIDOC\Help\Working\BuildReferenceTopics.proj]
BuildAssembler : warning : ShowMissingComponent: [E:Vlc.DotNet.Core.Medias.MediaBase.MediaSubItemAdded] Missing &lt;summary&gt; documentation [D:\Working\APIDOC\Help\Working\BuildReferenceTopics.proj]
BuildAssembler : warning : ShowMissingComponent: [E:Vlc.DotNet.Core.Medias.MediaBase.MetaChanged] Missing &lt;summary&gt; documentation [D:\Working\APIDOC\Help\Working\BuildReferenceTopics.proj]
BuildAssembler : warning : ResolveReferenceLinksComponent: [E:Vlc.DotNet.Core.Medias.MediaBase.MetaChanged] Unknown reference link target &#39;T:Vlc.DotNet.Core.Interops.Signatures.LibVlc.Media.Metadatas&#39;. [D:\Working\APIDOC\Help\Working\BuildReferenceTopics.proj]
BuildAssembler : warning : ShowMissingComponent: [E:Vlc.DotNet.Core.Medias.MediaBase.ParsedChanged] Missing &lt;summary&gt; documentation [D:\Working\APIDOC\Help\Working\BuildReferenceTopics.proj]
BuildAssembler : warning : ResolveReferenceLinksComponent: [P:Vlc.DotNet.Core.Medias.MediaBase.State] Unknown reference link target &#39;T:Vlc.DotNet.Core.Interops.Signatures.LibVlc.Media.States&#39;. [D:\Working\APIDOC\Help\Working\BuildReferenceTopics.proj]
BuildAssembler : warning : ShowMissingComponent: [E:Vlc.DotNet.Core.Medias.MediaBase.StateChanged] Missing &lt;summary&gt; documentation [D:\Working\APIDOC\Help\Working\BuildReferenceTopics.proj]
BuildAssembler : warning : ResolveReferenceLinksComponent: [E:Vlc.DotNet.Core.Medias.MediaBase.StateChanged] Unknown reference link target &#39;T:Vlc.DotNet.Core.Interops.Signatures.LibVlc.Media.States&#39;. [D:\Working\APIDOC\Help\Working\BuildReferenceTopics.proj]
BuildAssembler : warning : ResolveReferenceLinksComponent: [P:Vlc.DotNet.Core.Medias.MediaBase.Statistics] Unknown reference link target &#39;T:Vlc.DotNet.Core.Interops.Signatures.LibVlc.Media.Stats&#39;. [D:\Working\APIDOC\Help\Working\BuildReferenceTopics.proj]
BuildAssembler : warning : ResolveReferenceLinksComponent: [M:Vlc.DotNet.Core.Medias.VlcMediaTrackInfos.GetEnumerator] Unknown reference link target &#39;T:Vlc.DotNet.Core.Interops.Signatures.LibVlc.Media.MediaTrackInfo&#39;. [D:\Working\APIDOC\Help\Working\BuildReferenceTopics.proj]
BuildAssembler : warning : ShowMissingComponent: [N:Vlc.DotNet.Forms] Missing &lt;summary&gt; documentation [D:\Working\APIDOC\Help\Working\BuildReferenceTopics.proj]
BuildAssembler : warning : ResolveReferenceLinksComponent: [P:Vlc.DotNet.Forms.VlcAudioProperties.Channel] Unknown reference link target &#39;T:Vlc.DotNet.Core.Interops.Signatures.LibVlc.MediaPlayer.Audio.OutputChannel&#39;. [D:\Working\APIDOC\Help\Working\BuildReferenceTopics.proj]
BuildAssembler : warning : ShowMissingComponent: [M:Vlc.DotNet.Forms.VlcAudioProperties.GetOutputDeviceIdName(System.String,System.Int32)] Missing &lt;returns&gt; documentation [D:\Working\APIDOC\Help\Working\BuildReferenceTopics.proj]
BuildAssembler : warning : ShowMissingComponent: [M:Vlc.DotNet.Forms.VlcAudioProperties.GetOutputDeviceIdName(System.String,System.Int32)] Missing &lt;param name=&quot;outputName&quot;/&gt; documentation [D:\Working\APIDOC\Help\Working\BuildReferenceTopics.proj]
BuildAssembler : warning : ShowMissingComponent: [M:Vlc.DotNet.Forms.VlcAudioProperties.GetOutputDeviceIdName(System.String,System.Int32)] Missing &lt;param name=&quot;deviceIndex&quot;/&gt; documentation [D:\Working\APIDOC\Help\Working\BuildReferenceTopics.proj]
BuildAssembler : warning : ResolveReferenceLinksComponent: [P:Vlc.DotNet.Forms.VlcAudioProperties.OutputDeviceType] Unknown reference link target &#39;T:Vlc.DotNet.Core.Interops.Signatures.LibVlc.MediaPlayer.Audio.OutputDeviceTypes&#39;. [D:\Working\APIDOC\Help\Working\BuildReferenceTopics.proj]
BuildAssembler : warning : ShowMissingComponent: [E:Vlc.DotNet.Forms.VlcControl.Backward] Missing &lt;summary&gt; documentation [D:\Working\APIDOC\Help\Working\BuildReferenceTopics.proj]
BuildAssembler : warning : ShowMissingComponent: [E:Vlc.DotNet.Forms.VlcControl.Buffering] Missing &lt;summary&gt; documentation [D:\Working\APIDOC\Help\Working\BuildReferenceTopics.proj]
BuildAssembler : warning : ShowMissingComponent: [E:Vlc.DotNet.Forms.VlcControl.EncounteredError] Missing &lt;summary&gt; documentation [D:\Working\APIDOC\Help\Working\BuildReferenceTopics.proj]
BuildAssembler : warning : ShowMissingComponent: [E:Vlc.DotNet.Forms.VlcControl.EndReached] Missing &lt;summary&gt; documentation [D:\Working\APIDOC\Help\Working\BuildReferenceTopics.proj]
BuildAssembler : warning : ShowMissingComponent: [E:Vlc.DotNet.Forms.VlcControl.Forward] Missing &lt;summary&gt; documentation [D:\Working\APIDOC\Help\Working\BuildReferenceTopics.proj]
BuildAssembler : warning : ShowMissingComponent: [E:Vlc.DotNet.Forms.VlcControl.LengthChanged] Missing &lt;summary&gt; documentation [D:\Working\APIDOC\Help\Working\BuildReferenceTopics.proj]
BuildAssembler : warning : ShowMissingComponent: [P:Vlc.DotNet.Forms.VlcControl.Medias] Missing &lt;summary&gt; documentation [D:\Working\APIDOC\Help\Working\BuildReferenceTopics.proj]
BuildAssembler : warning : ShowMissingComponent: [E:Vlc.DotNet.Forms.VlcControl.PausableChanged] Missing &lt;summary&gt; documentation [D:\Working\APIDOC\Help\Working\BuildReferenceTopics.proj]
BuildAssembler : warning : ShowMissingComponent: [E:Vlc.DotNet.Forms.VlcControl.Paused] Missing &lt;summary&gt; documentation [D:\Working\APIDOC\Help\Working\BuildReferenceTopics.proj]
BuildAssembler : warning : ShowMissingComponent: [M:Vlc.DotNet.Forms.VlcControl.Play(Vlc.DotNet.Core.Medias.MediaBase)] Missing &lt;param name=&quot;media&quot;/&gt; documentation [D:\Working\APIDOC\Help\Working\BuildReferenceTopics.proj]
BuildAssembler : warning : ShowMissingComponent: [P:Vlc.DotNet.Forms.VlcControl.PlaybackMode] Missing &lt;summary&gt; documentation [D:\Working\APIDOC\Help\Working\BuildReferenceTopics.proj]
BuildAssembler : warning : ResolveReferenceLinksComponent: [P:Vlc.DotNet.Forms.VlcControl.PlaybackMode] Unknown reference link target &#39;T:Vlc.DotNet.Core.Interops.Signatures.LibVlc.MediaListPlayer.PlaybackModes&#39;. [D:\Working\APIDOC\Help\Working\BuildReferenceTopics.proj]
BuildAssembler : warning : ShowMissingComponent: [E:Vlc.DotNet.Forms.VlcControl.Playing] Missing &lt;summary&gt; documentation [D:\Working\APIDOC\Help\Working\BuildReferenceTopics.proj]
BuildAssembler : warning : ShowMissingComponent: [E:Vlc.DotNet.Forms.VlcControl.PositionChanged] Missing &lt;summary&gt; documentation [D:\Working\APIDOC\Help\Working\BuildReferenceTopics.proj]
BuildAssembler : warning : ShowMissingComponent: [E:Vlc.DotNet.Forms.VlcControl.SeekableChanged] Missing &lt;summary&gt; documentation [D:\Working\APIDOC\Help\Working\BuildReferenceTopics.proj]
BuildAssembler : warning : ShowMissingComponent: [E:Vlc.DotNet.Forms.VlcControl.SnapshotTaken] Missing &lt;summary&gt; documentation [D:\Working\APIDOC\Help\Working\BuildReferenceTopics.proj]
BuildAssembler : warning : ResolveReferenceLinksComponent: [P:Vlc.DotNet.Forms.VlcControl.State] Unknown reference link target &#39;T:Vlc.DotNet.Core.Interops.Signatures.LibVlc.Media.States&#39;. [D:\Working\APIDOC\Help\Working\BuildReferenceTopics.proj]
BuildAssembler : warning : ShowMissingComponent: [E:Vlc.DotNet.Forms.VlcControl.Stopped] Missing &lt;summary&gt; documentation [D:\Working\APIDOC\Help\Working\BuildReferenceTopics.proj]
BuildAssembler : warning : ShowMissingComponent: [E:Vlc.DotNet.Forms.VlcControl.TimeChanged] Missing &lt;summary&gt; documentation [D:\Working\APIDOC\Help\Working\BuildReferenceTopics.proj]
BuildAssembler : warning : ShowMissingComponent: [E:Vlc.DotNet.Forms.VlcControl.TitleChanged] Missing &lt;summary&gt; documentation [D:\Working\APIDOC\Help\Working\BuildReferenceTopics.proj]
BuildAssembler : warning : ShowMissingComponent: [E:Vlc.DotNet.Forms.VlcControl.VideoOutChanged] Missing &lt;summary&gt; documentation [D:\Working\APIDOC\Help\Working\BuildReferenceTopics.proj]
  Processed 249 topic(s)
  90 warning(s)
  CopyFromIndexComponent: &quot;reflection&quot; in-memory cache entries used: 5 of 15.
  CopyFromIndexComponent: &quot;comments&quot; in-memory cache entries used: 5 of 30.
  ResolveReferenceLinksComponent: New MSDN content ID cache size: 253 entries
Done Building Project &quot;D:\Working\APIDOC\Help\Working\BuildReferenceTopics.proj&quot; (default targets).

Build succeeded.

Time Elapsed 00:06:43.20
    Last step completed in 00:06:43.7331
</buildStep>
<buildStep step="CombiningIntermediateTocFiles">
Combining conceptual and API intermediate TOC files...

Clearing any prior web output
    Last step completed in 00:00:00.0060
</buildStep>
<buildStep step="ExtractingHtmlInfo">
Extracting HTML info for HTML Help 1 and/or website...
[C:\Windows\Microsoft.NET\Framework64\v4.0.30319\MSBuild.exe]
Sandcastle Help File Builder, version 2014.5.31.0
Copyright c 2006-2014, Eric Woodruff, All Rights Reserved
E-Mail: Eric@EWoodruff.us

Using LCID &#39;1033&#39;, code page &#39;65001&#39;, encoding charset &#39;UTF-8&#39;.

Processing website files in D:\Working\APIDOC\Help\Working\Output\Website
Processed 249 HTML files
Sorting keywords and generating See Also indices
Saving website keyword index to D:\Working\APIDOC\Help\Working\WebKI.xml
Saving website table of contents to D:\Working\APIDOC\Help\Working\WebTOC.xml
    Last step completed in 00:00:01.3911
</buildStep>
<buildStep step="CopyStandardHelpContent">
Copying standard help content...
C:\Program Files (x86)\EWSoftware\Sandcastle Help File Builder\PresentationStyles\VS2013\icons\AlertCaution.png -&gt; D:\Working\APIDOC\Help\Working\Output\Website\icons\AlertCaution.png
C:\Program Files (x86)\EWSoftware\Sandcastle Help File Builder\PresentationStyles\VS2013\icons\AlertNote.png -&gt; D:\Working\APIDOC\Help\Working\Output\Website\icons\AlertNote.png
C:\Program Files (x86)\EWSoftware\Sandcastle Help File Builder\PresentationStyles\VS2013\icons\AlertSecurity.png -&gt; D:\Working\APIDOC\Help\Working\Output\Website\icons\AlertSecurity.png
C:\Program Files (x86)\EWSoftware\Sandcastle Help File Builder\PresentationStyles\VS2013\icons\CFW.gif -&gt; D:\Working\APIDOC\Help\Working\Output\Website\icons\CFW.gif
C:\Program Files (x86)\EWSoftware\Sandcastle Help File Builder\PresentationStyles\VS2013\icons\CodeExample.png -&gt; D:\Working\APIDOC\Help\Working\Output\Website\icons\CodeExample.png
C:\Program Files (x86)\EWSoftware\Sandcastle Help File Builder\PresentationStyles\VS2013\icons\favicon.ico -&gt; D:\Working\APIDOC\Help\Working\Output\Website\icons\favicon.ico
C:\Program Files (x86)\EWSoftware\Sandcastle Help File Builder\PresentationStyles\VS2013\icons\privclass.gif -&gt; D:\Working\APIDOC\Help\Working\Output\Website\icons\privclass.gif
C:\Program Files (x86)\EWSoftware\Sandcastle Help File Builder\PresentationStyles\VS2013\icons\privdelegate.gif -&gt; D:\Working\APIDOC\Help\Working\Output\Website\icons\privdelegate.gif
C:\Program Files (x86)\EWSoftware\Sandcastle Help File Builder\PresentationStyles\VS2013\icons\privenumeration.gif -&gt; D:\Working\APIDOC\Help\Working\Output\Website\icons\privenumeration.gif
C:\Program Files (x86)\EWSoftware\Sandcastle Help File Builder\PresentationStyles\VS2013\icons\privevent.gif -&gt; D:\Working\APIDOC\Help\Working\Output\Website\icons\privevent.gif
C:\Program Files (x86)\EWSoftware\Sandcastle Help File Builder\PresentationStyles\VS2013\icons\privextension.gif -&gt; D:\Working\APIDOC\Help\Working\Output\Website\icons\privextension.gif
C:\Program Files (x86)\EWSoftware\Sandcastle Help File Builder\PresentationStyles\VS2013\icons\privfield.gif -&gt; D:\Working\APIDOC\Help\Working\Output\Website\icons\privfield.gif
C:\Program Files (x86)\EWSoftware\Sandcastle Help File Builder\PresentationStyles\VS2013\icons\privinterface.gif -&gt; D:\Working\APIDOC\Help\Working\Output\Website\icons\privinterface.gif
C:\Program Files (x86)\EWSoftware\Sandcastle Help File Builder\PresentationStyles\VS2013\icons\privmethod.gif -&gt; D:\Working\APIDOC\Help\Working\Output\Website\icons\privmethod.gif
C:\Program Files (x86)\EWSoftware\Sandcastle Help File Builder\PresentationStyles\VS2013\icons\privproperty.gif -&gt; D:\Working\APIDOC\Help\Working\Output\Website\icons\privproperty.gif
C:\Program Files (x86)\EWSoftware\Sandcastle Help File Builder\PresentationStyles\VS2013\icons\privstructure.gif -&gt; D:\Working\APIDOC\Help\Working\Output\Website\icons\privstructure.gif
C:\Program Files (x86)\EWSoftware\Sandcastle Help File Builder\PresentationStyles\VS2013\icons\protclass.gif -&gt; D:\Working\APIDOC\Help\Working\Output\Website\icons\protclass.gif
C:\Program Files (x86)\EWSoftware\Sandcastle Help File Builder\PresentationStyles\VS2013\icons\protdelegate.gif -&gt; D:\Working\APIDOC\Help\Working\Output\Website\icons\protdelegate.gif
C:\Program Files (x86)\EWSoftware\Sandcastle Help File Builder\PresentationStyles\VS2013\icons\protenumeration.gif -&gt; D:\Working\APIDOC\Help\Working\Output\Website\icons\protenumeration.gif
C:\Program Files (x86)\EWSoftware\Sandcastle Help File Builder\PresentationStyles\VS2013\icons\protevent.gif -&gt; D:\Working\APIDOC\Help\Working\Output\Website\icons\protevent.gif
C:\Program Files (x86)\EWSoftware\Sandcastle Help File Builder\PresentationStyles\VS2013\icons\protextension.gif -&gt; D:\Working\APIDOC\Help\Working\Output\Website\icons\protextension.gif
C:\Program Files (x86)\EWSoftware\Sandcastle Help File Builder\PresentationStyles\VS2013\icons\protfield.gif -&gt; D:\Working\APIDOC\Help\Working\Output\Website\icons\protfield.gif
C:\Program Files (x86)\EWSoftware\Sandcastle Help File Builder\PresentationStyles\VS2013\icons\protinterface.gif -&gt; D:\Working\APIDOC\Help\Working\Output\Website\icons\protinterface.gif
C:\Program Files (x86)\EWSoftware\Sandcastle Help File Builder\PresentationStyles\VS2013\icons\protmethod.gif -&gt; D:\Working\APIDOC\Help\Working\Output\Website\icons\protmethod.gif
C:\Program Files (x86)\EWSoftware\Sandcastle Help File Builder\PresentationStyles\VS2013\icons\protoperator.gif -&gt; D:\Working\APIDOC\Help\Working\Output\Website\icons\protoperator.gif
C:\Program Files (x86)\EWSoftware\Sandcastle Help File Builder\PresentationStyles\VS2013\icons\protproperty.gif -&gt; D:\Working\APIDOC\Help\Working\Output\Website\icons\protproperty.gif
C:\Program Files (x86)\EWSoftware\Sandcastle Help File Builder\PresentationStyles\VS2013\icons\protstructure.gif -&gt; D:\Working\APIDOC\Help\Working\Output\Website\icons\protstructure.gif
C:\Program Files (x86)\EWSoftware\Sandcastle Help File Builder\PresentationStyles\VS2013\icons\pubclass.gif -&gt; D:\Working\APIDOC\Help\Working\Output\Website\icons\pubclass.gif
C:\Program Files (x86)\EWSoftware\Sandcastle Help File Builder\PresentationStyles\VS2013\icons\pubdelegate.gif -&gt; D:\Working\APIDOC\Help\Working\Output\Website\icons\pubdelegate.gif
C:\Program Files (x86)\EWSoftware\Sandcastle Help File Builder\PresentationStyles\VS2013\icons\pubenumeration.gif -&gt; D:\Working\APIDOC\Help\Working\Output\Website\icons\pubenumeration.gif
C:\Program Files (x86)\EWSoftware\Sandcastle Help File Builder\PresentationStyles\VS2013\icons\pubevent.gif -&gt; D:\Working\APIDOC\Help\Working\Output\Website\icons\pubevent.gif
C:\Program Files (x86)\EWSoftware\Sandcastle Help File Builder\PresentationStyles\VS2013\icons\pubextension.gif -&gt; D:\Working\APIDOC\Help\Working\Output\Website\icons\pubextension.gif
C:\Program Files (x86)\EWSoftware\Sandcastle Help File Builder\PresentationStyles\VS2013\icons\pubfield.gif -&gt; D:\Working\APIDOC\Help\Working\Output\Website\icons\pubfield.gif
C:\Program Files (x86)\EWSoftware\Sandcastle Help File Builder\PresentationStyles\VS2013\icons\pubinterface.gif -&gt; D:\Working\APIDOC\Help\Working\Output\Website\icons\pubinterface.gif
C:\Program Files (x86)\EWSoftware\Sandcastle Help File Builder\PresentationStyles\VS2013\icons\pubmethod.gif -&gt; D:\Working\APIDOC\Help\Working\Output\Website\icons\pubmethod.gif
C:\Program Files (x86)\EWSoftware\Sandcastle Help File Builder\PresentationStyles\VS2013\icons\puboperator.gif -&gt; D:\Working\APIDOC\Help\Working\Output\Website\icons\puboperator.gif
C:\Program Files (x86)\EWSoftware\Sandcastle Help File Builder\PresentationStyles\VS2013\icons\pubproperty.gif -&gt; D:\Working\APIDOC\Help\Working\Output\Website\icons\pubproperty.gif
C:\Program Files (x86)\EWSoftware\Sandcastle Help File Builder\PresentationStyles\VS2013\icons\pubstructure.gif -&gt; D:\Working\APIDOC\Help\Working\Output\Website\icons\pubstructure.gif
C:\Program Files (x86)\EWSoftware\Sandcastle Help File Builder\PresentationStyles\VS2013\icons\SectionCollapsed.png -&gt; D:\Working\APIDOC\Help\Working\Output\Website\icons\SectionCollapsed.png
C:\Program Files (x86)\EWSoftware\Sandcastle Help File Builder\PresentationStyles\VS2013\icons\SectionExpanded.png -&gt; D:\Working\APIDOC\Help\Working\Output\Website\icons\SectionExpanded.png
C:\Program Files (x86)\EWSoftware\Sandcastle Help File Builder\PresentationStyles\VS2013\icons\slMobile.gif -&gt; D:\Working\APIDOC\Help\Working\Output\Website\icons\slMobile.gif
C:\Program Files (x86)\EWSoftware\Sandcastle Help File Builder\PresentationStyles\VS2013\icons\static.gif -&gt; D:\Working\APIDOC\Help\Working\Output\Website\icons\static.gif
C:\Program Files (x86)\EWSoftware\Sandcastle Help File Builder\PresentationStyles\VS2013\icons\xna.gif -&gt; D:\Working\APIDOC\Help\Working\Output\Website\icons\xna.gif
C:\Program Files (x86)\EWSoftware\Sandcastle Help File Builder\PresentationStyles\VS2013\scripts\branding.js -&gt; D:\Working\APIDOC\Help\Working\Output\Website\scripts\branding.js
C:\Program Files (x86)\EWSoftware\Sandcastle Help File Builder\PresentationStyles\VS2013\styles\branding-cs-CZ.css -&gt; D:\Working\APIDOC\Help\Working\Output\Website\styles\branding-cs-CZ.css
C:\Program Files (x86)\EWSoftware\Sandcastle Help File Builder\PresentationStyles\VS2013\styles\branding-de-DE.css -&gt; D:\Working\APIDOC\Help\Working\Output\Website\styles\branding-de-DE.css
C:\Program Files (x86)\EWSoftware\Sandcastle Help File Builder\PresentationStyles\VS2013\styles\branding-en-US.css -&gt; D:\Working\APIDOC\Help\Working\Output\Website\styles\branding-en-US.css
C:\Program Files (x86)\EWSoftware\Sandcastle Help File Builder\PresentationStyles\VS2013\styles\branding-es-ES.css -&gt; D:\Working\APIDOC\Help\Working\Output\Website\styles\branding-es-ES.css
C:\Program Files (x86)\EWSoftware\Sandcastle Help File Builder\PresentationStyles\VS2013\styles\branding-fr-FR.css -&gt; D:\Working\APIDOC\Help\Working\Output\Website\styles\branding-fr-FR.css
C:\Program Files (x86)\EWSoftware\Sandcastle Help File Builder\PresentationStyles\VS2013\styles\branding-Help1.css -&gt; D:\Working\APIDOC\Help\Working\Output\Website\styles\branding-Help1.css
C:\Program Files (x86)\EWSoftware\Sandcastle Help File Builder\PresentationStyles\VS2013\styles\branding-Help2.css -&gt; D:\Working\APIDOC\Help\Working\Output\Website\styles\branding-Help2.css
C:\Program Files (x86)\EWSoftware\Sandcastle Help File Builder\PresentationStyles\VS2013\styles\branding-HelpViewer.css -&gt; D:\Working\APIDOC\Help\Working\Output\Website\styles\branding-HelpViewer.css
C:\Program Files (x86)\EWSoftware\Sandcastle Help File Builder\PresentationStyles\VS2013\styles\branding-it-IT.css -&gt; D:\Working\APIDOC\Help\Working\Output\Website\styles\branding-it-IT.css
C:\Program Files (x86)\EWSoftware\Sandcastle Help File Builder\PresentationStyles\VS2013\styles\branding-ja-JP.css -&gt; D:\Working\APIDOC\Help\Working\Output\Website\styles\branding-ja-JP.css
C:\Program Files (x86)\EWSoftware\Sandcastle Help File Builder\PresentationStyles\VS2013\styles\branding-ko-KR.css -&gt; D:\Working\APIDOC\Help\Working\Output\Website\styles\branding-ko-KR.css
C:\Program Files (x86)\EWSoftware\Sandcastle Help File Builder\PresentationStyles\VS2013\styles\branding-pl-PL.css -&gt; D:\Working\APIDOC\Help\Working\Output\Website\styles\branding-pl-PL.css
C:\Program Files (x86)\EWSoftware\Sandcastle Help File Builder\PresentationStyles\VS2013\styles\branding-pt-BR.css -&gt; D:\Working\APIDOC\Help\Working\Output\Website\styles\branding-pt-BR.css
C:\Program Files (x86)\EWSoftware\Sandcastle Help File Builder\PresentationStyles\VS2013\styles\branding-ru-RU.css -&gt; D:\Working\APIDOC\Help\Working\Output\Website\styles\branding-ru-RU.css
C:\Program Files (x86)\EWSoftware\Sandcastle Help File Builder\PresentationStyles\VS2013\styles\branding-tr-TR.css -&gt; D:\Working\APIDOC\Help\Working\Output\Website\styles\branding-tr-TR.css
C:\Program Files (x86)\EWSoftware\Sandcastle Help File Builder\PresentationStyles\VS2013\styles\branding-Website.css -&gt; D:\Working\APIDOC\Help\Working\Output\Website\styles\branding-Website.css
C:\Program Files (x86)\EWSoftware\Sandcastle Help File Builder\PresentationStyles\VS2013\styles\branding-zh-CN.css -&gt; D:\Working\APIDOC\Help\Working\Output\Website\styles\branding-zh-CN.css
C:\Program Files (x86)\EWSoftware\Sandcastle Help File Builder\PresentationStyles\VS2013\styles\branding-zh-TW.css -&gt; D:\Working\APIDOC\Help\Working\Output\Website\styles\branding-zh-TW.css
C:\Program Files (x86)\EWSoftware\Sandcastle Help File Builder\PresentationStyles\VS2013\styles\branding.css -&gt; D:\Working\APIDOC\Help\Working\Output\Website\styles\branding.css
C:\Program Files (x86)\EWSoftware\Sandcastle Help File Builder\PresentationStyles\VS2013\Web\index.html -&gt; D:\Working\APIDOC\Help\Working\Output\Website\index.html
C:\Program Files (x86)\EWSoftware\Sandcastle Help File Builder\PresentationStyles\VS2013\Web\search.html -&gt; D:\Working\APIDOC\Help\Working\Output\Website\search.html
C:\Program Files (x86)\EWSoftware\Sandcastle Help File Builder\PresentationStyles\VS2013\Web\SearchHelp.aspx -&gt; D:\Working\APIDOC\Help\Working\Output\Website\SearchHelp.aspx
C:\Program Files (x86)\EWSoftware\Sandcastle Help File Builder\PresentationStyles\VS2013\Web\SearchHelp.inc.php -&gt; D:\Working\APIDOC\Help\Working\Output\Website\SearchHelp.inc.php
C:\Program Files (x86)\EWSoftware\Sandcastle Help File Builder\PresentationStyles\VS2013\Web\SearchHelp.php -&gt; D:\Working\APIDOC\Help\Working\Output\Website\SearchHelp.php
C:\Program Files (x86)\EWSoftware\Sandcastle Help File Builder\PresentationStyles\VS2013\Web\Web.Config -&gt; D:\Working\APIDOC\Help\Working\Output\Website\Web.Config
C:\Program Files (x86)\EWSoftware\Sandcastle Help File Builder\PresentationStyles\VS2013\Web\icons\Search.png -&gt; D:\Working\APIDOC\Help\Working\Output\Website\icons\Search.png
C:\Program Files (x86)\EWSoftware\Sandcastle Help File Builder\PresentationStyles\VS2013\Web\icons\TocClose.gif -&gt; D:\Working\APIDOC\Help\Working\Output\Website\icons\TocClose.gif
C:\Program Files (x86)\EWSoftware\Sandcastle Help File Builder\PresentationStyles\VS2013\Web\icons\TocCollapsed.gif -&gt; D:\Working\APIDOC\Help\Working\Output\Website\icons\TocCollapsed.gif
C:\Program Files (x86)\EWSoftware\Sandcastle Help File Builder\PresentationStyles\VS2013\Web\icons\TocExpanded.gif -&gt; D:\Working\APIDOC\Help\Working\Output\Website\icons\TocExpanded.gif
C:\Program Files (x86)\EWSoftware\Sandcastle Help File Builder\PresentationStyles\VS2013\Web\icons\TocOpen.gif -&gt; D:\Working\APIDOC\Help\Working\Output\Website\icons\TocOpen.gif
C:\Program Files (x86)\EWSoftware\Sandcastle Help File Builder\PresentationStyles\VS2013\Web\scripts\branding-Website.js -&gt; D:\Working\APIDOC\Help\Working\Output\Website\scripts\branding-Website.js
C:\Program Files (x86)\EWSoftware\Sandcastle Help File Builder\PresentationStyles\VS2013\Web\scripts\jquery-1.11.0.min.js -&gt; D:\Working\APIDOC\Help\Working\Output\Website\scripts\jquery-1.11.0.min.js
    Last step completed in 00:00:00.1640
</buildStep>
<buildStep step="GenerateHelpFormatTableOfContents">
Generating website table of contents file...
    Last step completed in 00:00:00.0040
</buildStep>
<buildStep step="GenerateFullTextIndex">
Generating full-text index for the website...

<plugIn name="Lightweight Website Style" behavior="After" priority="1000">
Adding lightweight search and TOC elements to each topic...
</plugIn>    Last step completed in 00:00:00.9771
</buildStep>
<buildStep step="CopyingWebsiteFiles">
Copying website files to output folder...

Copied 100 files
Copied 200 files
Copied 300 files
Copied 400 files
Copied 415 files for the website content
    Last step completed in 00:00:00.1670
</buildStep>
<buildStep step="CleanIntermediates">
Removing intermediate files...
    Last step completed in 00:00:00.0800
</buildStep>
<buildStep step="Completed">

Build completed successfully at 10/21/2014 05:24 PM.  Total time: 00:06:53.2776

</buildStep>
</shfbBuild>
